d:\visual_2019\progetto\finale_dll_x64\musicbrainz\x64\release\musicbrainz.pch
d:\visual_2019\progetto\finale_dll_x64\musicbrainz\x64\release\vc143.pdb
d:\visual_2019\progetto\finale_dll_x64\musicbrainz\x64\release\pch.obj
d:\visual_2019\progetto\finale_dll_x64\musicbrainz\x64\release\toc.obj
d:\visual_2019\progetto\finale_dll_x64\musicbrainz\x64\release\test.obj
d:\visual_2019\progetto\finale_dll_x64\musicbrainz\x64\release\sha1.obj
d:\visual_2019\progetto\finale_dll_x64\musicbrainz\x64\release\dllmain.obj
d:\visual_2019\progetto\finale_dll_x64\musicbrainz\x64\release\disc_win32.obj
d:\visual_2019\progetto\finale_dll_x64\musicbrainz\x64\release\disc.obj
d:\visual_2019\progetto\finale_dll_x64\musicbrainz\x64\release\base64.obj
d:\visual_2019\progetto\finale_dll_x64\musicbrainz\x64\release\musicbrainz.dll
d:\visual_2019\progetto\finale_dll_x64\musicbrainz\x64\release\musicbrainz.pdb
d:\visual_2019\progetto\finale_dll_x64\musicbrainz\x64\release\musicbrainz.lib
d:\visual_2019\progetto\finale_dll_x64\musicbrainz\x64\release\musicbrainz.exp
d:\visual_2019\progetto\finale_dll_x64\musicbrainz\x64\release\musicbrainz.ipdb
d:\visual_2019\progetto\finale_dll_x64\musicbrainz\x64\release\musicbrainz.iobj
d:\visual_2019\progetto\finale_dll_x64\musicbrainz\x64\release\musicbrainz.tlog\cl.command.1.tlog
d:\visual_2019\progetto\finale_dll_x64\musicbrainz\x64\release\musicbrainz.tlog\cl.items.tlog
d:\visual_2019\progetto\finale_dll_x64\musicbrainz\x64\release\musicbrainz.tlog\cl.read.1.tlog
d:\visual_2019\progetto\finale_dll_x64\musicbrainz\x64\release\musicbrainz.tlog\cl.write.1.tlog
d:\visual_2019\progetto\finale_dll_x64\musicbrainz\x64\release\musicbrainz.tlog\link.command.1.tlog
d:\visual_2019\progetto\finale_dll_x64\musicbrainz\x64\release\musicbrainz.tlog\link.read.1.tlog
d:\visual_2019\progetto\finale_dll_x64\musicbrainz\x64\release\musicbrainz.tlog\link.write.1.tlog
d:\visual_2019\progetto\finale_dll_x64\musicbrainz\x64\release\musicbrainz.tlog\link.write.2u.tlog
